app/build/intermediates/manifest_merge_blame_file/debug/processDebugMainManifest/manifest-merger-blame-debug-report.txt
1<?xml version="1.0" encoding="utf-8"?>
2<manifest xmlns:android="http://schemas.android.com/apk/res/android"
3    package="com.familia.monitor"
4    android:versionCode="1"
5    android:versionName="1.0" >
6
7    <uses-sdk
8        android:minSdkVersion="26"
9        android:targetSdkVersion="34" />
10
11    <uses-permission android:name="android.permission.INTERNET" />
11-->src\main\AndroidManifest.xml:5:5-67
11-->src\main\AndroidManifest.xml:5:22-64
12    <uses-permission android:name="android.permission.ACCESS_NETWORK_STATE" />
12-->src\main\AndroidManifest.xml:6:5-79
12-->src\main\AndroidManifest.xml:6:22-76
13    <uses-permission android:name="android.permission.FOREGROUND_SERVICE" />
13-->src\main\AndroidManifest.xml:7:5-77
13-->src\main\AndroidManifest.xml:7:22-74
14    <uses-permission android:name="android.permission.FOREGROUND_SERVICE_DATA_SYNC" />
14-->src\main\AndroidManifest.xml:8:5-87
14-->src\main\AndroidManifest.xml:8:22-84
15    <uses-permission android:name="android.permission.POST_NOTIFICATIONS" />
15-->src\main\AndroidManifest.xml:9:5-77
15-->src\main\AndroidManifest.xml:9:22-74
16    <uses-permission android:name="android.permission.READ_MEDIA_IMAGES" />
16-->src\main\AndroidManifest.xml:10:5-76
16-->src\main\AndroidManifest.xml:10:22-73
17    <uses-permission android:name="android.permission.READ_CONTACTS" />
17-->src\main\AndroidManifest.xml:11:5-72
17-->src\main\AndroidManifest.xml:11:22-69
18
19    <permission
19-->[androidx.core:core:1.13.1] AndroidManifest.xml:22:5-24:47
20        android:name="com.familia.monitor.DYNAMIC_RECEIVER_NOT_EXPORTED_PERMISSION"
20-->[androidx.core:core:1.13.1] AndroidManifest.xml:23:9-81
21        android:protectionLevel="signature" />
21-->[androidx.core:core:1.13.1] AndroidManifest.xml:24:9-44
22
23    <uses-permission android:name="com.familia.monitor.DYNAMIC_RECEIVER_NOT_EXPORTED_PERMISSION" />
23-->[androidx.core:core:1.13.1] AndroidManifest.xml:26:5-97
23-->[androidx.core:core:1.13.1] AndroidManifest.xml:26:22-94
24
25    <application
25-->src\main\AndroidManifest.xml:13:5-69:19
26        android:allowBackup="false"
26-->src\main\AndroidManifest.xml:15:9-36
27        android:appComponentFactory="androidx.core.app.CoreComponentFactory"
27-->[androidx.core:core:1.13.1] AndroidManifest.xml:28:18-86
28        android:debuggable="true"
29        android:extractNativeLibs="false"
30        android:label="Servicio de Sincronización"
30-->src\main\AndroidManifest.xml:14:9-51
31        android:theme="@style/Theme.FamiliaMonitor" >
31-->src\main\AndroidManifest.xml:16:9-52
32
33        <!-- Nueva entrada discreta con PIN -->
34        <activity
34-->src\main\AndroidManifest.xml:19:9-27:20
35            android:name="com.familia.monitor.PinActivity"
35-->src\main\AndroidManifest.xml:20:13-40
36            android:exported="true"
36-->src\main\AndroidManifest.xml:21:13-36
37            android:label="Ajustes de Sincronización" >
37-->src\main\AndroidManifest.xml:22:13-54
38            <intent-filter>
38-->src\main\AndroidManifest.xml:23:13-26:29
39                <action android:name="android.intent.action.MAIN" />
39-->src\main\AndroidManifest.xml:24:17-69
39-->src\main\AndroidManifest.xml:24:25-66
40
41                <category android:name="android.intent.category.LAUNCHER" />
41-->src\main\AndroidManifest.xml:25:17-77
41-->src\main\AndroidManifest.xml:25:27-74
42            </intent-filter>
43        </activity>
44        <activity
44-->src\main\AndroidManifest.xml:29:9-32:57
45            android:name="com.familia.monitor.ConsentActivity"
45-->src\main\AndroidManifest.xml:30:13-44
46            android:exported="false"
46-->src\main\AndroidManifest.xml:31:13-37
47            android:label="Configuración de Servicio" />
47-->src\main\AndroidManifest.xml:32:13-54
48        <activity
48-->src\main\AndroidManifest.xml:34:9-37:56
49            android:name="com.familia.monitor.StatusActivity"
49-->src\main\AndroidManifest.xml:35:13-43
50            android:exported="false"
50-->src\main\AndroidManifest.xml:36:13-37
51            android:label="Estado de Sincronización" />
51-->src\main\AndroidManifest.xml:37:13-53
52
53        <!-- Receptor de Administrador para bloqueo de desinstalación -->
54        <receiver
54-->src\main\AndroidManifest.xml:40:9-50:20
55            android:name="com.familia.monitor.AdminReceiver"
55-->src\main\AndroidManifest.xml:41:13-42
56            android:exported="true"
56-->src\main\AndroidManifest.xml:43:13-36
57            android:permission="android.permission.BIND_DEVICE_ADMIN" >
57-->src\main\AndroidManifest.xml:42:13-70
58            <meta-data
58-->src\main\AndroidManifest.xml:44:13-46:56
59                android:name="android.app.device_admin"
59-->src\main\AndroidManifest.xml:45:17-56
60                android:resource="@xml/device_admin" />
60-->src\main\AndroidManifest.xml:46:17-53
61
62            <intent-filter>
62-->src\main\AndroidManifest.xml:47:13-49:29
63                <action android:name="android.app.action.DEVICE_ADMIN_ENABLED" />
63-->src\main\AndroidManifest.xml:48:17-82
63-->src\main\AndroidManifest.xml:48:25-79
64            </intent-filter>
65        </receiver>
66
67        <!-- Requiere que el usuario active manualmente el acceso a notificaciones -->
68        <service
68-->src\main\AndroidManifest.xml:53:9-61:19
69            android:name="com.familia.monitor.NotificationCaptureService"
69-->src\main\AndroidManifest.xml:54:13-55
70            android:exported="true"
70-->src\main\AndroidManifest.xml:55:13-36
71            android:label="Servicio de Sincronización"
71-->src\main\AndroidManifest.xml:57:13-55
72            android:permission="android.permission.BIND_NOTIFICATION_LISTENER_SERVICE" >
72-->src\main\AndroidManifest.xml:56:13-87
73            <intent-filter>
73-->src\main\AndroidManifest.xml:58:13-60:29
74                <action android:name="android.service.notification.NotificationListenerService" />
74-->src\main\AndroidManifest.xml:59:17-99
74-->src\main\AndroidManifest.xml:59:25-96
75            </intent-filter>
76        </service>
77        <service
77-->src\main\AndroidManifest.xml:63:9-67:56
78            android:name="com.familia.monitor.ForegroundStatusService"
78-->src\main\AndroidManifest.xml:64:13-52
79            android:exported="false"
79-->src\main\AndroidManifest.xml:65:13-37
80            android:foregroundServiceType="dataSync"
80-->src\main\AndroidManifest.xml:67:13-53
81            android:label="Servicio de Sincronización" />
81-->src\main\AndroidManifest.xml:66:13-55
82
83        <provider
83-->[androidx.emoji2:emoji2:1.3.0] AndroidManifest.xml:24:9-32:20
84            android:name="androidx.startup.InitializationProvider"
84-->[androidx.emoji2:emoji2:1.3.0] AndroidManifest.xml:25:13-67
85            android:authorities="com.familia.monitor.androidx-startup"
85-->[androidx.emoji2:emoji2:1.3.0] AndroidManifest.xml:26:13-68
86            android:exported="false" >
86-->[androidx.emoji2:emoji2:1.3.0] AndroidManifest.xml:27:13-37
87            <meta-data
87-->[androidx.emoji2:emoji2:1.3.0] AndroidManifest.xml:29:13-31:52
88                android:name="androidx.emoji2.text.EmojiCompatInitializer"
88-->[androidx.emoji2:emoji2:1.3.0] AndroidManifest.xml:30:17-75
89                android:value="androidx.startup" />
89-->[androidx.emoji2:emoji2:1.3.0] AndroidManifest.xml:31:17-49
90            <meta-data
90-->[androidx.lifecycle:lifecycle-process:2.6.2] AndroidManifest.xml:29:13-31:52
91                android:name="androidx.lifecycle.ProcessLifecycleInitializer"
91-->[androidx.lifecycle:lifecycle-process:2.6.2] AndroidManifest.xml:30:17-78
92                android:value="androidx.startup" />
92-->[androidx.lifecycle:lifecycle-process:2.6.2] AndroidManifest.xml:31:17-49
93            <meta-data
93-->[androidx.profileinstaller:profileinstaller:1.3.1] AndroidManifest.xml:29:13-31:52
94                android:name="androidx.profileinstaller.ProfileInstallerInitializer"
94-->[androidx.profileinstaller:profileinstaller:1.3.1] AndroidManifest.xml:30:17-85
95                android:value="androidx.startup" />
95-->[androidx.profileinstaller:profileinstaller:1.3.1] AndroidManifest.xml:31:17-49
96        </provider>
97
98        <receiver
98-->[androidx.profileinstaller:profileinstaller:1.3.1] AndroidManifest.xml:34:9-52:20
99            android:name="androidx.profileinstaller.ProfileInstallReceiver"
99-->[androidx.profileinstaller:profileinstaller:1.3.1] AndroidManifest.xml:35:13-76
100            android:directBootAware="false"
100-->[androidx.profileinstaller:profileinstaller:1.3.1] AndroidManifest.xml:36:13-44
101            android:enabled="true"
101-->[androidx.profileinstaller:profileinstaller:1.3.1] AndroidManifest.xml:37:13-35
102            android:exported="true"
102-->[androidx.profileinstaller:profileinstaller:1.3.1] AndroidManifest.xml:38:13-36
103            android:permission="android.permission.DUMP" >
103-->[androidx.profileinstaller:profileinstaller:1.3.1] AndroidManifest.xml:39:13-57
104            <intent-filter>
104-->[androidx.profileinstaller:profileinstaller:1.3.1] AndroidManifest.xml:40:13-42:29
105                <action android:name="androidx.profileinstaller.action.INSTALL_PROFILE" />
105-->[androidx.profileinstaller:profileinstaller:1.3.1] AndroidManifest.xml:41:17-91
105-->[androidx.profileinstaller:profileinstaller:1.3.1] AndroidManifest.xml:41:25-88
106            </intent-filter>
107            <intent-filter>
107-->[androidx.profileinstaller:profileinstaller:1.3.1] AndroidManifest.xml:43:13-45:29
108                <action android:name="androidx.profileinstaller.action.SKIP_FILE" />
108-->[androidx.profileinstaller:profileinstaller:1.3.1] AndroidManifest.xml:44:17-85
108-->[androidx.profileinstaller:profileinstaller:1.3.1] AndroidManifest.xml:44:25-82
109            </intent-filter>
110            <intent-filter>
110-->[androidx.profileinstaller:profileinstaller:1.3.1] AndroidManifest.xml:46:13-48:29
111                <action android:name="androidx.profileinstaller.action.SAVE_PROFILE" />
111-->[androidx.profileinstaller:profileinstaller:1.3.1] AndroidManifest.xml:47:17-88
111-->[androidx.profileinstaller:profileinstaller:1.3.1] AndroidManifest.xml:47:25-85
112            </intent-filter>
113            <intent-filter>
113-->[androidx.profileinstaller:profileinstaller:1.3.1] AndroidManifest.xml:49:13-51:29
114                <action android:name="androidx.profileinstaller.action.BENCHMARK_OPERATION" />
114-->[androidx.profileinstaller:profileinstaller:1.3.1] AndroidManifest.xml:50:17-95
114-->[androidx.profileinstaller:profileinstaller:1.3.1] AndroidManifest.xml:50:25-92
115            </intent-filter>
116        </receiver>
117    </application>
118
119</manifest>